<?xml version="1.0" encoding="UTF-8"?>
<testsuite name="org.scrollSystem.AppTest" tests="1" skipped="0" failures="0" errors="0" timestamp="2024-10-09T22:27:18" hostname="Hais-MacBook-Pro.local" time="0.008">
  <properties/>
  <testcase name="appHasAGreeting()" classname="org.scrollSystem.AppTest" time="0.008"/>
  <system-out><![CDATA[]]></system-out>
  <system-err><![CDATA[]]></system-err>
</testsuite>
